[2026-03-21T12:06:24.729Z] GET /
[2026-03-21T12:06:27.021Z] GET /@vite/client
[2026-03-21T12:06:27.031Z] GET /src/main.tsx
[2026-03-21T12:06:27.032Z] GET /@react-refresh
[2026-03-21T12:06:27.173Z] GET /node_modules/vite/dist/client/env.mjs
[2026-03-21T12:06:27.259Z] GET /node_modules/.vite/deps/react_jsx-dev-runtime.js?v=0a1e3461
[2026-03-21T12:06:27.263Z] GET /node_modules/.vite/deps/react.js?v=0a1e3461
[2026-03-21T12:06:27.265Z] GET /node_modules/.vite/deps/react-dom_client.js?v=5ada6e9c
[2026-03-21T12:06:27.266Z] GET /src/App.tsx
[2026-03-21T12:06:27.351Z] GET /src/index.css
[2026-03-21T12:06:27.353Z] GET /node_modules/.vite/deps/chunk-6KCF6AHO.js?v=11f33dd4
[2026-03-21T12:06:27.419Z] GET /node_modules/.vite/deps/chunk-DC5AMYBS.js?v=11f33dd4
[2026-03-21T12:06:27.557Z] GET /src/context/AuthContext.tsx
[2026-03-21T12:06:28.162Z] GET /node_modules/.vite/deps/sonner.js?v=b03466bc
[2026-03-21T12:06:28.164Z] GET /src/components/Layout.tsx
[2026-03-21T12:06:28.167Z] GET /src/pages/Login.tsx
[2026-03-21T12:06:28.188Z] GET /src/pages/MessDetails.tsx
[2026-03-21T12:06:28.190Z] GET /src/pages/Dashboard.tsx
[2026-03-21T12:06:28.204Z] GET /src/pages/Feedback.tsx
[2026-03-21T12:06:28.207Z] GET /src/pages/Portfolio.tsx
[2026-03-21T12:06:28.294Z] GET /src/pages/AuditLogs.tsx
[2026-03-21T12:06:28.297Z] GET /src/pages/Performance.tsx
[2026-03-21T12:06:28.301Z] GET /src/pages/AdminStudents.tsx
[2026-03-21T12:06:28.304Z] GET /node_modules/.vite/deps/chunk-2RADP4CJ.js?v=11f33dd4
[2026-03-21T12:06:28.307Z] GET /node_modules/.vite/deps/lucide-react.js?v=dcab0d1a
[2026-03-21T12:06:28.311Z] GET /node_modules/.vite/deps/clsx.js?v=64bb6f38
[2026-03-21T12:06:28.317Z] GET /node_modules/.vite/deps/tailwind-merge.js?v=1538778d
[2026-03-21T12:06:28.318Z] GET /node_modules/.vite/deps/recharts.js?v=84c008d6
[2026-03-21T12:06:28.378Z] GET /node_modules/.vite/deps/chunk-U7P2NEEE.js?v=11f33dd4
[2026-03-21T12:06:28.662Z] GET /api/feedback
[2026-03-21T12:06:28.674Z] GET /api/mess
[2026-03-21T12:06:28.684Z] GET /api/feedback
[2026-03-21T12:06:28.685Z] GET /api/mess
[2026-03-21T12:06:28.814Z] GET /api/admin/earnings
[2026-03-21T12:06:28.821Z] GET /api/admin/earnings
[2026-03-21T12:07:09.516Z] POST /api/auth/login
[2026-03-21T12:07:09.727Z] GET /api/mess
[2026-03-21T12:07:09.729Z] GET /api/feedback
[2026-03-21T12:07:09.733Z] GET /api/mess
[2026-03-21T12:07:09.735Z] GET /api/feedback
[2026-03-21T12:07:09.783Z] GET /api/admin/earnings
[2026-03-21T12:07:09.786Z] GET /api/admin/earnings
[2026-03-21T12:07:17.039Z] GET /api/mess
[2026-03-21T12:07:17.040Z] GET /api/feedback
[2026-03-21T12:07:17.044Z] GET /api/mess
[2026-03-21T12:07:17.046Z] GET /api/feedback
[2026-03-21T12:07:20.032Z] GET /api/admin/bplus-students
[2026-03-21T12:07:20.037Z] GET /api/admin/bplus-students
[2026-03-21T12:19:18.357Z] GET /
[2026-03-21T12:19:18.502Z] GET /@vite/client
[2026-03-21T12:19:18.505Z] GET /src/main.tsx
[2026-03-21T12:19:18.526Z] GET /@react-refresh
[2026-03-21T12:19:18.529Z] GET /src/App.tsx
[2026-03-21T12:19:18.531Z] GET /src/index.css
[2026-03-21T12:19:18.536Z] GET /node_modules/vite/dist/client/env.mjs
[2026-03-21T12:19:18.545Z] GET /src/context/AuthContext.tsx
[2026-03-21T12:19:18.548Z] GET /src/components/Layout.tsx
[2026-03-21T12:19:18.549Z] GET /src/pages/Login.tsx
[2026-03-21T12:19:18.555Z] GET /src/pages/MessDetails.tsx
[2026-03-21T12:19:18.558Z] GET /src/pages/Dashboard.tsx
[2026-03-21T12:19:18.560Z] GET /src/pages/Feedback.tsx
[2026-03-21T12:19:18.567Z] GET /src/pages/AuditLogs.tsx
[2026-03-21T12:19:18.570Z] GET /src/pages/Portfolio.tsx
[2026-03-21T12:19:18.573Z] GET /src/pages/Performance.tsx
[2026-03-21T12:19:18.577Z] GET /src/pages/AdminStudents.tsx
[2026-03-21T12:19:18.839Z] GET /api/mess
[2026-03-21T12:19:18.843Z] GET /api/feedback
[2026-03-21T12:19:18.849Z] GET /api/mess
[2026-03-21T12:19:18.851Z] GET /api/feedback
[2026-03-21T12:19:19.154Z] GET /api/admin/earnings
[2026-03-21T12:19:19.168Z] GET /api/admin/earnings
[2026-03-21T13:16:59.302Z] GET /
[2026-03-21T13:16:59.542Z] GET /@vite/client
[2026-03-21T13:16:59.545Z] GET /src/main.tsx
[2026-03-21T13:16:59.550Z] GET /@react-refresh
[2026-03-21T13:16:59.564Z] GET /src/App.tsx
[2026-03-21T13:16:59.566Z] GET /node_modules/vite/dist/client/env.mjs
[2026-03-21T13:16:59.569Z] GET /src/index.css
[2026-03-21T13:16:59.584Z] GET /src/pages/Feedback.tsx
[2026-03-21T13:16:59.599Z] GET /src/context/AuthContext.tsx
[2026-03-21T13:16:59.625Z] GET /src/components/Layout.tsx
[2026-03-21T13:16:59.628Z] GET /src/pages/Login.tsx
[2026-03-21T13:16:59.630Z] GET /src/pages/AuditLogs.tsx
[2026-03-21T13:16:59.643Z] GET /src/pages/Dashboard.tsx
[2026-03-21T13:16:59.647Z] GET /src/pages/Portfolio.tsx
[2026-03-21T13:16:59.662Z] GET /src/pages/MessDetails.tsx
[2026-03-21T13:16:59.665Z] GET /src/pages/Performance.tsx
[2026-03-21T13:16:59.668Z] GET /src/pages/AdminStudents.tsx
[2026-03-21T13:16:59.908Z] GET /api/mess
[2026-03-21T13:16:59.959Z] GET /api/feedback
[2026-03-21T13:16:59.984Z] GET /api/mess
[2026-03-21T13:16:59.987Z] GET /api/feedback
[2026-03-21T13:17:00.318Z] GET /api/admin/earnings
[2026-03-21T13:17:00.329Z] GET /api/admin/earnings
[2026-03-21T13:20:17.041Z] POST /api/auth/login
[2026-03-21T13:20:17.237Z] GET /api/mess
[2026-03-21T13:20:17.244Z] GET /api/feedback
[2026-03-21T13:20:17.249Z] GET /api/mess
[2026-03-21T13:20:17.255Z] GET /api/feedback
[2026-03-21T13:20:17.287Z] GET /api/admin/earnings
[2026-03-21T13:20:17.293Z] GET /api/admin/earnings
[2026-03-21T13:26:22.489Z] GET /
[2026-03-21T13:26:22.671Z] GET /src/main.tsx?t=1774099582429
[2026-03-21T13:26:22.673Z] GET /@vite/client
[2026-03-21T13:26:22.677Z] GET /@react-refresh
[2026-03-21T13:26:22.690Z] GET /src/index.css?t=1774099582429
[2026-03-21T13:26:22.691Z] GET /src/App.tsx
[2026-03-21T13:26:22.721Z] GET /node_modules/vite/dist/client/env.mjs
[2026-03-21T13:26:22.723Z] GET /src/context/AuthContext.tsx
[2026-03-21T13:26:22.728Z] GET /src/components/Layout.tsx
[2026-03-21T13:26:22.728Z] GET /src/pages/Login.tsx
[2026-03-21T13:26:22.735Z] GET /src/pages/Dashboard.tsx
[2026-03-21T13:26:22.736Z] GET /src/pages/MessDetails.tsx
[2026-03-21T13:26:22.740Z] GET /src/pages/Feedback.tsx
[2026-03-21T13:26:22.743Z] GET /src/pages/Portfolio.tsx
[2026-03-21T13:26:22.744Z] GET /src/pages/AuditLogs.tsx
[2026-03-21T13:26:22.746Z] GET /src/pages/Performance.tsx
[2026-03-21T13:26:22.748Z] GET /src/pages/AdminStudents.tsx
[2026-03-21T13:26:23.062Z] GET /api/mess
[2026-03-21T13:26:23.064Z] GET /api/feedback
[2026-03-21T13:26:23.070Z] GET /api/mess
[2026-03-21T13:26:23.072Z] GET /api/feedback
[2026-03-21T13:26:23.429Z] GET /api/admin/earnings
[2026-03-21T13:26:23.431Z] GET /api/admin/earnings
[2026-03-21T13:26:23.446Z] GET /
[2026-03-21T13:26:23.575Z] GET /src/main.tsx?t=1774099582863
[2026-03-21T13:26:23.577Z] GET /@vite/client
[2026-03-21T13:26:23.584Z] GET /@react-refresh
[2026-03-21T13:26:23.585Z] GET /src/App.tsx
[2026-03-21T13:26:23.588Z] GET /src/index.css?t=1774099582863
[2026-03-21T13:26:23.589Z] GET /node_modules/vite/dist/client/env.mjs
[2026-03-21T13:26:23.599Z] GET /src/context/AuthContext.tsx
[2026-03-21T13:26:23.600Z] GET /src/pages/Login.tsx
[2026-03-21T13:26:23.601Z] GET /src/components/Layout.tsx
[2026-03-21T13:26:23.604Z] GET /src/pages/Dashboard.tsx
[2026-03-21T13:26:23.605Z] GET /src/pages/MessDetails.tsx
[2026-03-21T13:26:23.611Z] GET /src/pages/Feedback.tsx
[2026-03-21T13:26:23.622Z] GET /src/pages/Portfolio.tsx
[2026-03-21T13:26:23.623Z] GET /src/pages/AuditLogs.tsx
[2026-03-21T13:26:23.625Z] GET /src/pages/Performance.tsx
[2026-03-21T13:26:23.635Z] GET /src/pages/AdminStudents.tsx
[2026-03-21T13:26:23.752Z] GET /api/mess
[2026-03-21T13:26:23.753Z] GET /api/feedback
[2026-03-21T13:26:23.756Z] GET /api/mess
[2026-03-21T13:26:23.757Z] GET /api/feedback
[2026-03-21T13:26:23.987Z] GET /api/admin/earnings
[2026-03-21T13:26:23.990Z] GET /api/admin/earnings
[2026-03-21T13:26:24.276Z] GET /
[2026-03-21T13:26:24.334Z] GET /src/main.tsx?t=1774099583680
[2026-03-21T13:26:24.335Z] GET /@vite/client
[2026-03-21T13:26:24.335Z] GET /@react-refresh
[2026-03-21T13:26:24.340Z] GET /node_modules/vite/dist/client/env.mjs
[2026-03-21T13:26:24.343Z] GET /src/index.css?t=1774099583680
[2026-03-21T13:26:24.345Z] GET /src/App.tsx
[2026-03-21T13:26:24.353Z] GET /src/context/AuthContext.tsx
[2026-03-21T13:26:24.354Z] GET /src/pages/Login.tsx
[2026-03-21T13:26:24.355Z] GET /src/components/Layout.tsx
[2026-03-21T13:26:24.360Z] GET /src/pages/Dashboard.tsx
[2026-03-21T13:26:24.361Z] GET /src/pages/MessDetails.tsx
[2026-03-21T13:26:24.364Z] GET /src/pages/Feedback.tsx
[2026-03-21T13:26:24.367Z] GET /src/pages/Portfolio.tsx
[2026-03-21T13:26:24.368Z] GET /src/pages/AuditLogs.tsx
[2026-03-21T13:26:24.373Z] GET /src/pages/Performance.tsx
[2026-03-21T13:26:24.374Z] GET /src/pages/AdminStudents.tsx
[2026-03-21T13:26:24.530Z] GET /api/mess
[2026-03-21T13:26:24.531Z] GET /api/feedback
[2026-03-21T13:26:24.535Z] GET /api/mess
[2026-03-21T13:26:24.538Z] GET /api/feedback
[2026-03-21T13:26:24.765Z] GET /api/admin/earnings
[2026-03-21T13:26:24.768Z] GET /api/admin/earnings
[2026-03-21T13:26:28.190Z] GET /
[2026-03-21T13:26:28.244Z] GET /src/main.tsx?t=1774099587892
[2026-03-21T13:26:28.245Z] GET /@vite/client
[2026-03-21T13:26:28.246Z] GET /@react-refresh
[2026-03-21T13:26:28.250Z] GET /node_modules/vite/dist/client/env.mjs
[2026-03-21T13:26:28.251Z] GET /src/index.css?t=1774099587892
[2026-03-21T13:26:28.252Z] GET /src/App.tsx
[2026-03-21T13:26:28.260Z] GET /src/context/AuthContext.tsx
[2026-03-21T13:26:28.261Z] GET /src/pages/Login.tsx
[2026-03-21T13:26:28.262Z] GET /src/components/Layout.tsx
[2026-03-21T13:26:28.265Z] GET /src/pages/Dashboard.tsx
[2026-03-21T13:26:28.267Z] GET /src/pages/MessDetails.tsx
[2026-03-21T13:26:28.268Z] GET /src/pages/Feedback.tsx
[2026-03-21T13:26:28.270Z] GET /src/pages/Portfolio.tsx
[2026-03-21T13:26:28.272Z] GET /src/pages/AuditLogs.tsx
[2026-03-21T13:26:28.273Z] GET /src/pages/Performance.tsx
[2026-03-21T13:26:28.276Z] GET /src/pages/AdminStudents.tsx
[2026-03-21T13:26:28.419Z] GET /api/mess
[2026-03-21T13:26:28.420Z] GET /api/feedback
[2026-03-21T13:26:28.423Z] GET /api/mess
[2026-03-21T13:26:28.425Z] GET /api/feedback
[2026-03-21T13:26:28.597Z] GET /api/admin/earnings
[2026-03-21T13:26:28.602Z] GET /api/admin/earnings
[2026-03-21T13:26:29.191Z] GET /
[2026-03-21T13:26:29.229Z] GET /src/main.tsx?t=1774099588600
[2026-03-21T13:26:29.230Z] GET /@vite/client
[2026-03-21T13:26:29.231Z] GET /@react-refresh
[2026-03-21T13:26:29.237Z] GET /src/index.css?t=1774099588600
[2026-03-21T13:26:29.238Z] GET /src/App.tsx
[2026-03-21T13:26:29.240Z] GET /node_modules/vite/dist/client/env.mjs
[2026-03-21T13:26:29.245Z] GET /src/context/AuthContext.tsx
[2026-03-21T13:26:29.245Z] GET /src/pages/Login.tsx
[2026-03-21T13:26:29.246Z] GET /src/components/Layout.tsx
[2026-03-21T13:26:29.250Z] GET /src/pages/Dashboard.tsx
[2026-03-21T13:26:29.251Z] GET /src/pages/MessDetails.tsx
[2026-03-21T13:26:29.251Z] GET /src/pages/Feedback.tsx
[2026-03-21T13:26:29.255Z] GET /src/pages/Portfolio.tsx
[2026-03-21T13:26:29.256Z] GET /src/pages/AuditLogs.tsx
[2026-03-21T13:26:29.257Z] GET /src/pages/Performance.tsx
[2026-03-21T13:26:29.260Z] GET /src/pages/AdminStudents.tsx
[2026-03-21T13:26:29.414Z] GET /api/mess
[2026-03-21T13:26:29.415Z] GET /api/feedback
[2026-03-21T13:26:29.419Z] GET /api/mess
[2026-03-21T13:26:29.421Z] GET /api/feedback
[2026-03-21T13:26:29.657Z] GET /api/admin/earnings
[2026-03-21T13:26:29.660Z] GET /api/admin/earnings
[2026-03-21T13:26:30.186Z] GET /
[2026-03-21T13:26:30.219Z] GET /src/main.tsx?t=1774099590060
[2026-03-21T13:26:30.220Z] GET /@vite/client
[2026-03-21T13:26:30.221Z] GET /@react-refresh
[2026-03-21T13:26:30.226Z] GET /src/index.css?t=1774099590060
[2026-03-21T13:26:30.226Z] GET /src/App.tsx
[2026-03-21T13:26:30.227Z] GET /node_modules/vite/dist/client/env.mjs
[2026-03-21T13:26:30.233Z] GET /src/context/AuthContext.tsx
[2026-03-21T13:26:30.233Z] GET /src/pages/Login.tsx
[2026-03-21T13:26:30.234Z] GET /src/components/Layout.tsx
[2026-03-21T13:26:30.239Z] GET /src/pages/Dashboard.tsx
[2026-03-21T13:26:30.240Z] GET /src/pages/MessDetails.tsx
[2026-03-21T13:26:30.241Z] GET /src/pages/Feedback.tsx
[2026-03-21T13:26:30.244Z] GET /src/pages/Portfolio.tsx
[2026-03-21T13:26:30.245Z] GET /src/pages/AuditLogs.tsx
[2026-03-21T13:26:30.246Z] GET /src/pages/Performance.tsx
[2026-03-21T13:26:30.249Z] GET /src/pages/AdminStudents.tsx
[2026-03-21T13:26:30.393Z] GET /api/mess
[2026-03-21T13:26:30.395Z] GET /api/feedback
[2026-03-21T13:26:30.402Z] GET /api/mess
[2026-03-21T13:26:30.406Z] GET /api/feedback
[2026-03-21T13:26:30.650Z] GET /api/admin/earnings
[2026-03-21T13:26:30.658Z] GET /api/admin/earnings
[2026-03-21T13:26:31.189Z] GET /
[2026-03-21T13:26:31.240Z] GET /src/main.tsx?t=1774099590507
[2026-03-21T13:26:31.242Z] GET /@vite/client
[2026-03-21T13:26:31.243Z] GET /@react-refresh
[2026-03-21T13:26:31.248Z] GET /src/index.css?t=1774099590507
[2026-03-21T13:26:31.248Z] GET /src/App.tsx
[2026-03-21T13:26:31.251Z] GET /node_modules/vite/dist/client/env.mjs
[2026-03-21T13:26:31.255Z] GET /src/context/AuthContext.tsx
[2026-03-21T13:26:31.257Z] GET /src/pages/Login.tsx
[2026-03-21T13:26:31.259Z] GET /src/components/Layout.tsx
[2026-03-21T13:26:31.262Z] GET /src/pages/Dashboard.tsx
[2026-03-21T13:26:31.263Z] GET /src/pages/MessDetails.tsx
[2026-03-21T13:26:31.266Z] GET /src/pages/Feedback.tsx
[2026-03-21T13:26:31.268Z] GET /src/pages/Portfolio.tsx
[2026-03-21T13:26:31.270Z] GET /src/pages/AuditLogs.tsx
[2026-03-21T13:26:31.270Z] GET /src/pages/Performance.tsx
[2026-03-21T13:26:31.274Z] GET /src/pages/AdminStudents.tsx
[2026-03-21T13:26:31.416Z] GET /api/mess
[2026-03-21T13:26:31.416Z] GET /api/feedback
[2026-03-21T13:26:31.420Z] GET /api/mess
[2026-03-21T13:26:31.421Z] GET /api/feedback
[2026-03-21T13:26:31.668Z] GET /api/admin/earnings
[2026-03-21T13:26:31.673Z] GET /api/admin/earnings
[2026-03-21T13:30:52.189Z] GET /
[2026-03-21T13:30:52.273Z] GET /@vite/client
[2026-03-21T13:30:52.280Z] GET /src/main.tsx
[2026-03-21T13:30:54.449Z] GET /@react-refresh
[2026-03-21T13:30:54.518Z] GET /node_modules/vite/dist/client/env.mjs
[2026-03-21T13:30:54.632Z] GET /src/App.tsx
[2026-03-21T13:30:54.633Z] GET /src/index.css
[2026-03-21T13:30:54.693Z] GET /src/context/AuthContext.tsx
[2026-03-21T13:30:54.695Z] GET /src/pages/Login.tsx
[2026-03-21T13:30:55.313Z] GET /src/pages/Feedback.tsx
[2026-03-21T13:30:55.314Z] GET /src/components/Layout.tsx
[2026-03-21T13:30:55.314Z] GET /src/pages/Dashboard.tsx
[2026-03-21T13:30:55.314Z] GET /src/pages/MessDetails.tsx
[2026-03-21T13:30:55.360Z] GET /src/pages/Portfolio.tsx
[2026-03-21T13:30:55.377Z] GET /src/pages/AuditLogs.tsx
[2026-03-21T13:30:55.404Z] GET /src/pages/Performance.tsx
[2026-03-21T13:30:55.407Z] GET /src/pages/AdminStudents.tsx
[2026-03-21T13:31:24.471Z] POST /api/auth/login
[2026-03-21T13:31:24.630Z] GET /api/mess
[2026-03-21T13:31:24.636Z] GET /api/feedback
[2026-03-21T13:31:24.642Z] GET /api/mess
[2026-03-21T13:31:24.647Z] GET /api/feedback
[2026-03-21T13:31:32.854Z] GET /api/mess
[2026-03-21T13:31:32.855Z] GET /api/feedback
[2026-03-21T13:31:32.859Z] GET /api/mess
[2026-03-21T13:31:32.863Z] GET /api/feedback
[2026-03-21T13:31:56.499Z] POST /api/feedback
[2026-03-21T13:31:56.534Z] GET /api/feedback
[2026-03-21T13:31:56.535Z] GET /api/mess
[2026-03-21T13:32:02.065Z] GET /api/users/6
[2026-03-21T13:32:02.069Z] GET /api/users/6
[2026-03-21T13:32:18.311Z] POST /api/auth/login
[2026-03-21T13:32:18.445Z] GET /api/users/1
[2026-03-21T13:32:18.447Z] GET /api/users/1
[2026-03-21T13:32:22.270Z] GET /api/audit-logs
[2026-03-21T13:32:22.277Z] GET /api/audit-logs
[2026-03-21T13:32:30.074Z] GET /api/admin/bplus-students
[2026-03-21T13:32:30.077Z] GET /api/admin/bplus-students
[2026-03-21T13:32:31.737Z] GET /api/mess
[2026-03-21T13:32:31.746Z] GET /api/mess
[2026-03-21T13:32:34.879Z] GET /api/mess
[2026-03-21T13:32:34.883Z] GET /api/feedback
[2026-03-21T13:32:34.889Z] GET /api/mess
[2026-03-21T13:32:34.892Z] GET /api/feedback
[2026-03-21T13:32:34.957Z] GET /api/admin/earnings
[2026-03-21T13:32:34.960Z] GET /api/admin/earnings
[2026-03-21T13:32:43.656Z] GET /api/audit-logs
[2026-03-21T13:32:43.663Z] GET /api/audit-logs
[2026-03-21T13:32:44.422Z] GET /api/mess
[2026-03-21T13:32:44.423Z] GET /api/feedback
[2026-03-21T13:32:44.432Z] GET /api/mess
[2026-03-21T13:32:44.434Z] GET /api/feedback
