2026-03-21T14:50:24.789Z - GET / 200 54.442 ms - -
2026-03-21T14:50:26.593Z - GET /@react-refresh 304 10.738 ms - -
2026-03-21T14:50:26.635Z - GET /@vite/client 200 60.338 ms - -
2026-03-21T14:50:26.653Z - GET /src/main.tsx 304 76.699 ms - -
2026-03-21T14:50:26.658Z - GET /node_modules/vite/dist/client/env.mjs 304 2.130 ms - -
2026-03-21T14:50:26.770Z - GET /src/App.tsx 304 26.546 ms - -
2026-03-21T14:50:27.192Z - GET /src/index.css 304 447.479 ms - -
2026-03-21T14:50:27.393Z - GET /src/components/Layout.tsx 304 30.726 ms - -
2026-03-21T14:50:27.411Z - GET /src/context/AuthContext.tsx 304 594.281 ms - -
2026-03-21T14:50:27.419Z - GET /src/pages/MessDetails.tsx 304 58.111 ms - -
2026-03-21T14:50:27.420Z - GET /src/pages/Portfolio.tsx 304 22.684 ms - -
2026-03-21T14:50:27.426Z - GET /src/pages/Feedback.tsx 304 66.348 ms - -
2026-03-21T14:50:27.426Z - GET /src/pages/Login.tsx 304 608.513 ms - -
2026-03-21T14:50:27.433Z - GET /src/pages/Dashboard.tsx 304 73.044 ms - -
2026-03-21T14:50:27.439Z - GET /src/pages/AuditLogs.tsx 304 0.074 ms - -
2026-03-21T14:50:27.444Z - GET /src/pages/Performance.tsx 304 0.063 ms - -
2026-03-21T14:50:27.445Z - GET /src/pages/AdminStudents.tsx 304 0.067 ms - -
2026-03-21T14:50:29.433Z - POST /api/auth/login 200 166.094 ms - 297
2026-03-21T14:50:29.477Z - GET /api/mess 304 5.622 ms - -
2026-03-21T14:50:29.478Z - GET /api/feedback 304 2.876 ms - -
2026-03-21T14:50:29.481Z - GET /api/mess 304 1.728 ms - -
2026-03-21T14:50:29.483Z - GET /api/feedback 304 2.669 ms - -
2026-03-21T14:50:29.567Z - GET /api/admin/earnings 304 2.813 ms - -
2026-03-21T14:50:29.569Z - GET /api/admin/earnings 304 1.214 ms - -
2026-03-21T14:50:31.837Z - GET /api/audit-logs 304 2.553 ms - -
2026-03-21T14:50:31.844Z - GET /api/audit-logs 304 3.859 ms - -
2026-03-21T14:50:39.874Z - GET /api/feedback 304 2.479 ms - -
2026-03-21T14:50:39.991Z - GET /api/feedback 304 2.474 ms - -
2026-03-21T14:50:40.107Z - GET /api/feedback 304 2.229 ms - -
2026-03-21T14:50:40.225Z - GET /api/feedback 304 2.129 ms - -
2026-03-21T14:50:40.341Z - GET /api/feedback 304 2.231 ms - -
2026-03-21T14:50:42.053Z - GET /api/feedback 304 1.245 ms - -
2026-03-21T14:50:42.175Z - GET /api/feedback 304 2.217 ms - -
2026-03-21T14:50:42.291Z - GET /api/feedback 304 2.027 ms - -
2026-03-21T14:50:42.407Z - GET /api/feedback 304 1.937 ms - -
2026-03-21T14:50:42.524Z - GET /api/feedback 304 2.154 ms - -
2026-03-21T14:50:43.885Z - GET /api/feedback 304 2.592 ms - -
2026-03-21T14:50:44.007Z - GET /api/feedback 304 1.358 ms - -
2026-03-21T14:50:44.125Z - GET /api/feedback 304 2.091 ms - -
2026-03-21T14:50:44.241Z - GET /api/feedback 304 2.456 ms - -
2026-03-21T14:50:44.358Z - GET /api/feedback 304 3.092 ms - -
2026-03-21T14:50:46.379Z - POST /api/benchmark/optimize 200 22.347 ms - 29
2026-03-21T14:50:47.680Z - GET /api/feedback 304 2.526 ms - -
2026-03-21T14:50:47.801Z - GET /api/feedback 304 1.750 ms - -
2026-03-21T14:50:47.925Z - GET /api/feedback 304 2.099 ms - -
2026-03-21T14:50:48.039Z - GET /api/feedback 304 2.174 ms - -
2026-03-21T14:50:48.155Z - GET /api/feedback 304 1.923 ms - -
2026-03-21T14:50:50.921Z - GET /api/admin/bplus-students 304 0.837 ms - -
2026-03-21T14:50:50.928Z - GET /api/admin/bplus-students 304 1.201 ms - -
2026-03-21T14:50:52.951Z - GET /api/mess 304 2.378 ms - -
2026-03-21T14:50:52.952Z - GET /api/feedback 304 2.877 ms - -
2026-03-21T14:50:52.957Z - GET /api/mess 304 2.963 ms - -
2026-03-21T14:50:52.961Z - GET /api/feedback 304 4.603 ms - -
2026-03-21T14:50:54.727Z - GET /api/mess 304 1.217 ms - -
2026-03-21T14:50:54.731Z - GET /api/mess 304 1.854 ms - -
2026-03-21T14:50:59.895Z - GET /api/mess 304 1.116 ms - -
2026-03-21T14:50:59.899Z - GET /api/feedback 304 1.818 ms - -
2026-03-21T14:50:59.905Z - GET /api/mess 304 3.189 ms - -
2026-03-21T14:50:59.908Z - GET /api/feedback 304 1.269 ms - -
2026-03-21T14:51:03.000Z - GET /api/audit-logs 304 1.656 ms - -
2026-03-21T14:51:03.004Z - GET /api/audit-logs 304 2.240 ms - -
2026-03-21T14:51:04.110Z - GET /api/mess 304 4.837 ms - -
2026-03-21T14:51:04.112Z - GET /api/feedback 304 6.769 ms - -
2026-03-21T14:51:04.118Z - GET /api/mess 304 4.197 ms - -
2026-03-21T14:51:04.119Z - GET /api/feedback 304 3.294 ms - -
2026-03-21T14:51:04.153Z - GET /api/admin/earnings 304 2.163 ms - -
2026-03-21T14:51:04.156Z - GET /api/admin/earnings 304 1.660 ms - -
2026-03-21T14:51:07.233Z - GET /api/audit-logs 304 1.242 ms - -
2026-03-21T14:51:07.241Z - GET /api/audit-logs 304 3.983 ms - -
2026-03-21T14:51:10.744Z - POST /api/benchmark/optimize 200 2.011 ms - 29
2026-03-21T14:51:12.438Z - GET /api/feedback 304 1.949 ms - -
2026-03-21T14:51:12.560Z - GET /api/feedback 304 1.921 ms - -
2026-03-21T14:51:12.685Z - GET /api/feedback 304 1.980 ms - -
2026-03-21T14:51:12.801Z - GET /api/feedback 304 2.093 ms - -
2026-03-21T14:51:12.918Z - GET /api/feedback 304 2.115 ms - -
2026-03-21T14:51:15.722Z - GET /api/feedback 304 1.987 ms - -
2026-03-21T14:51:15.836Z - GET /api/feedback 304 2.289 ms - -
2026-03-21T14:51:15.948Z - GET /api/feedback 304 1.574 ms - -
2026-03-21T14:51:16.068Z - GET /api/feedback 304 1.982 ms - -
2026-03-21T14:51:16.189Z - GET /api/feedback 304 1.778 ms - -
2026-03-21T14:51:21.771Z - GET /api/feedback 304 2.461 ms - -
2026-03-21T14:51:21.892Z - GET /api/feedback 304 1.824 ms - -
2026-03-21T14:51:22.001Z - GET /api/feedback 304 2.004 ms - -
2026-03-21T14:51:22.118Z - GET /api/feedback 304 2.075 ms - -
2026-03-21T14:51:22.235Z - GET /api/feedback 304 2.235 ms - -
2026-03-21T14:51:25.533Z - GET /api/feedback 304 1.396 ms - -
2026-03-21T14:51:25.666Z - GET /api/feedback 304 1.983 ms - -
2026-03-21T14:51:25.785Z - GET /api/feedback 304 3.019 ms - -
2026-03-21T14:51:25.902Z - GET /api/feedback 304 2.418 ms - -
2026-03-21T14:51:26.018Z - GET /api/feedback 304 2.559 ms - -
2026-03-21T14:51:29.359Z - POST /api/benchmark/optimize 200 24.432 ms - 29
2026-03-21T14:51:30.836Z - GET /api/feedback 304 2.051 ms - -
2026-03-21T14:51:30.953Z - GET /api/feedback 304 3.044 ms - -
2026-03-21T14:51:31.067Z - GET /api/feedback 304 2.121 ms - -
2026-03-21T14:51:31.184Z - GET /api/feedback 304 1.983 ms - -
2026-03-21T14:51:31.301Z - GET /api/feedback 304 2.228 ms - -
2026-03-21T14:51:34.518Z - GET /api/feedback 304 1.955 ms - -
2026-03-21T14:51:34.634Z - GET /api/feedback 304 2.298 ms - -
2026-03-21T14:51:34.754Z - GET /api/feedback 304 2.499 ms - -
2026-03-21T14:51:34.867Z - GET /api/feedback 304 2.112 ms - -
2026-03-21T14:51:34.983Z - GET /api/feedback 304 2.037 ms - -
2026-03-21T14:51:37.701Z - GET /api/feedback 304 1.130 ms - -
2026-03-21T14:51:37.817Z - GET /api/feedback 304 2.332 ms - -
2026-03-21T14:51:37.934Z - GET /api/feedback 304 2.438 ms - -
2026-03-21T14:51:38.048Z - GET /api/feedback 304 1.984 ms - -
2026-03-21T14:51:38.168Z - GET /api/feedback 304 2.125 ms - -
2026-03-21T14:51:40.767Z - POST /api/benchmark/optimize 200 19.726 ms - 29
2026-03-21T14:51:41.772Z - GET /api/feedback 304 2.682 ms - -
2026-03-21T14:51:41.901Z - GET /api/feedback 304 2.348 ms - -
2026-03-21T14:51:42.018Z - GET /api/feedback 304 2.247 ms - -
2026-03-21T14:51:42.134Z - GET /api/feedback 304 2.166 ms - -
2026-03-21T14:51:42.250Z - GET /api/feedback 304 1.805 ms - -
2026-03-21T14:51:44.486Z - GET /api/feedback 304 1.730 ms - -
2026-03-21T14:51:44.602Z - GET /api/feedback 304 2.471 ms - -
2026-03-21T14:51:44.717Z - GET /api/feedback 304 2.071 ms - -
2026-03-21T14:51:44.833Z - GET /api/feedback 304 2.116 ms - -
2026-03-21T14:51:44.948Z - GET /api/feedback 304 2.111 ms - -
2026-03-21T14:51:46.441Z - GET /api/feedback 304 1.204 ms - -
2026-03-21T14:51:46.558Z - GET /api/feedback 304 1.788 ms - -
2026-03-21T14:51:46.668Z - GET /api/feedback 304 2.079 ms - -
2026-03-21T14:51:46.783Z - GET /api/feedback 304 1.921 ms - -
2026-03-21T14:51:46.901Z - GET /api/feedback 304 2.143 ms - -
2026-03-21T14:51:58.953Z - GET /api/admin/bplus-students 304 0.662 ms - -
2026-03-21T14:51:58.955Z - GET /api/admin/bplus-students 304 0.635 ms - -
2026-03-21T14:52:07.683Z - POST /api/admin/bplus-students/update 200 68.327 ms - 47
2026-03-21T14:52:07.687Z - GET /api/admin/bplus-students 304 0.684 ms - -
2026-03-21T14:52:15.506Z - POST /api/admin/bplus-students/update 200 35.370 ms - 47
2026-03-21T14:52:15.510Z - GET /api/admin/bplus-students 200 0.587 ms - 2446
2026-03-21T14:52:21.419Z - POST /api/admin/bplus-students/update 200 32.630 ms - 47
2026-03-21T14:52:21.422Z - GET /api/admin/bplus-students 304 0.489 ms - -
2026-03-21T14:52:28.289Z - POST /api/admin/bplus-students/update 200 67.218 ms - 47
2026-03-21T14:52:28.293Z - GET /api/admin/bplus-students 200 0.409 ms - 2446
2026-03-21T14:52:37.708Z - POST /api/admin/bplus-students/update 200 32.924 ms - 47
2026-03-21T14:52:37.712Z - GET /api/admin/bplus-students 200 0.438 ms - 2445
2026-03-21T14:52:46.985Z - POST /api/admin/bplus-students/update 200 63.238 ms - 47
2026-03-21T14:52:46.988Z - GET /api/admin/bplus-students 200 0.778 ms - 2444
2026-03-21T14:52:56.902Z - POST /api/auth/login 200 125.646 ms - 337
2026-03-21T14:52:56.914Z - GET /api/admin/bplus-students 403 0.871 ms - 21
2026-03-21T14:52:56.918Z - GET /api/admin/bplus-students 403 1.131 ms - 21
2026-03-21T14:53:21.069Z - GET / 304 11.389 ms - -
2026-03-21T14:53:21.086Z - GET /@vite/client 304 0.728 ms - -
2026-03-21T14:53:21.088Z - GET /src/main.tsx 304 0.158 ms - -
2026-03-21T14:53:21.090Z - GET /@react-refresh 304 0.126 ms - -
2026-03-21T14:53:21.092Z - GET /node_modules/vite/dist/client/env.mjs 304 0.271 ms - -
2026-03-21T14:53:21.094Z - GET /src/index.css 304 0.249 ms - -
2026-03-21T14:53:21.096Z - GET /src/App.tsx 304 0.193 ms - -
2026-03-21T14:53:21.102Z - GET /src/context/AuthContext.tsx 304 0.179 ms - -
2026-03-21T14:53:21.103Z - GET /src/pages/Login.tsx 304 0.152 ms - -
2026-03-21T14:53:21.105Z - GET /src/components/Layout.tsx 304 0.096 ms - -
2026-03-21T14:53:21.106Z - GET /src/pages/Dashboard.tsx 304 0.085 ms - -
2026-03-21T14:53:21.107Z - GET /src/pages/MessDetails.tsx 304 0.085 ms - -
2026-03-21T14:53:21.108Z - GET /src/pages/Feedback.tsx 304 0.102 ms - -
2026-03-21T14:53:21.110Z - GET /src/pages/Portfolio.tsx 304 0.183 ms - -
2026-03-21T14:53:21.111Z - GET /src/pages/AuditLogs.tsx 304 0.158 ms - -
2026-03-21T14:53:21.112Z - GET /src/pages/Performance.tsx 304 0.122 ms - -
2026-03-21T14:53:21.113Z - GET /src/pages/AdminStudents.tsx 304 0.096 ms - -
2026-03-21T14:53:21.178Z - GET /api/mess 304 2.037 ms - -
2026-03-21T14:53:21.179Z - GET /api/feedback 200 2.633 ms - 563
2026-03-21T14:53:21.182Z - GET /api/mess 304 2.037 ms - -
2026-03-21T14:53:21.185Z - GET /api/feedback 304 3.670 ms - -
2026-03-21T14:53:27.812Z - GET /api/mess 304 1.572 ms - -
2026-03-21T14:53:27.813Z - GET /api/feedback 304 2.388 ms - -
2026-03-21T14:53:27.817Z - GET /api/mess 304 2.298 ms - -
2026-03-21T14:53:27.822Z - GET /api/feedback 304 4.623 ms - -
2026-03-21T14:53:36.004Z - POST /api/feedback 201 29.496 ms - 32
2026-03-21T14:53:36.011Z - GET /api/mess 304 2.157 ms - -
2026-03-21T14:53:36.012Z - GET /api/feedback 200 4.054 ms - 723
2026-03-21T14:53:44.105Z - POST /api/auth/login 200 118.170 ms - 337
2026-03-21T14:53:44.116Z - GET /api/mess 304 2.939 ms - -
2026-03-21T14:53:44.119Z - GET /api/feedback 200 2.152 ms - 179
2026-03-21T14:53:44.123Z - GET /api/mess 304 2.356 ms - -
2026-03-21T14:53:44.129Z - GET /api/feedback 304 3.266 ms - -
2026-03-21T14:53:54.651Z - POST /api/feedback 201 28.624 ms - 32
2026-03-21T14:53:54.658Z - GET /api/mess 304 2.546 ms - -
2026-03-21T14:53:54.660Z - GET /api/feedback 200 4.802 ms - 353
2026-03-21T14:53:56.945Z - GET /api/mess 304 1.882 ms - -
2026-03-21T14:53:56.950Z - GET /api/mess 304 3.151 ms - -
2026-03-21T14:53:59.488Z - GET /api/mess 304 2.666 ms - -
2026-03-21T14:53:59.490Z - GET /api/feedback 304 3.044 ms - -
2026-03-21T14:53:59.493Z - GET /api/mess 304 2.024 ms - -
2026-03-21T14:53:59.495Z - GET /api/feedback 304 2.583 ms - -
2026-03-21T14:54:01.667Z - GET /api/mess 304 4.361 ms - -
2026-03-21T14:54:01.671Z - GET /api/feedback 304 7.738 ms - -
2026-03-21T14:54:01.672Z - GET /api/mess 304 2.003 ms - -
2026-03-21T14:54:01.675Z - GET /api/feedback 304 2.122 ms - -
2026-03-21T14:54:03.259Z - GET /api/mess 304 1.934 ms - -
2026-03-21T14:54:03.264Z - GET /api/mess 304 2.766 ms - -
2026-03-21T14:54:04.916Z - GET /api/users/10 304 2.030 ms - -
2026-03-21T14:54:04.923Z - GET /api/users/10 304 3.904 ms - -
2026-03-21T14:54:07.352Z - GET /api/mess 304 2.693 ms - -
2026-03-21T14:54:07.356Z - GET /api/feedback 304 6.306 ms - -
2026-03-21T14:54:07.359Z - GET /api/mess 304 4.069 ms - -
2026-03-21T14:54:07.361Z - GET /api/feedback 304 1.281 ms - -
2026-03-21T14:54:22.881Z - POST /api/feedback 201 25.067 ms - 32
2026-03-21T14:54:22.887Z - GET /api/mess 304 1.776 ms - -
2026-03-21T14:54:22.889Z - GET /api/feedback 200 3.269 ms - 550
2026-03-21T14:54:30.234Z - POST /api/auth/login 200 112.524 ms - 297
2026-03-21T14:54:30.243Z - GET /api/mess 304 1.275 ms - -
2026-03-21T14:54:30.249Z - GET /api/feedback 200 2.258 ms - 2017
2026-03-21T14:54:30.253Z - GET /api/mess 304 1.853 ms - -
2026-03-21T14:54:30.259Z - GET /api/feedback 304 3.013 ms - -
2026-03-21T14:54:40.839Z - POST /api/benchmark/optimize 200 1.651 ms - 29
2026-03-21T14:54:41.923Z - GET /api/feedback 304 1.342 ms - -
2026-03-21T14:54:42.050Z - GET /api/feedback 304 1.866 ms - -
2026-03-21T14:54:42.158Z - GET /api/feedback 304 2.098 ms - -
2026-03-21T14:54:42.273Z - GET /api/feedback 304 2.214 ms - -
2026-03-21T14:54:42.390Z - GET /api/feedback 304 2.161 ms - -
2026-03-21T14:54:45.755Z - GET /api/feedback 304 1.698 ms - -
2026-03-21T14:54:45.879Z - GET /api/feedback 304 1.944 ms - -
2026-03-21T14:54:45.988Z - GET /api/feedback 304 1.626 ms - -
2026-03-21T14:54:46.104Z - GET /api/feedback 304 1.493 ms - -
2026-03-21T14:54:46.216Z - GET /api/feedback 304 1.436 ms - -
2026-03-21T14:55:21.451Z - GET /api/admin/bplus-students 200 0.906 ms - 2444
2026-03-21T14:55:21.453Z - GET /api/admin/bplus-students 304 0.769 ms - -
2026-03-21T14:55:36.970Z - POST /api/admin/bplus-students/update 200 66.582 ms - 47
2026-03-21T14:55:36.975Z - GET /api/admin/bplus-students 200 0.907 ms - 2444
2026-03-21T14:55:45.089Z - POST /api/admin/bplus-students/update 200 37.972 ms - 47
2026-03-21T14:55:45.093Z - GET /api/admin/bplus-students 200 0.450 ms - 2445
2026-03-21T14:55:58.777Z - POST /api/admin/bplus-students/update 200 57.701 ms - 47
2026-03-21T14:55:58.781Z - GET /api/admin/bplus-students 200 0.599 ms - 2446
2026-03-21T14:56:06.798Z - POST /api/admin/bplus-students/update 200 29.767 ms - 47
2026-03-21T14:56:06.801Z - GET /api/admin/bplus-students 200 0.454 ms - 2446
2026-03-21T14:56:51.928Z - POST /api/admin/bplus-students/update 200 31.463 ms - 47
2026-03-21T14:56:51.932Z - GET /api/admin/bplus-students 200 0.588 ms - 2447
2026-03-21T14:56:57.722Z - POST /api/admin/bplus-students/update 200 39.405 ms - 47
2026-03-21T14:56:57.725Z - GET /api/admin/bplus-students 200 0.479 ms - 2447
2026-03-21T14:57:07.637Z - POST /api/admin/bplus-students/update 200 36.984 ms - 47
2026-03-21T14:57:07.641Z - GET /api/admin/bplus-students 200 0.470 ms - 2448
2026-03-21T14:57:17.304Z - POST /api/admin/bplus-students/update 200 53.999 ms - 47
2026-03-21T14:57:17.307Z - GET /api/admin/bplus-students 200 0.422 ms - 2449
2026-03-21T14:57:27.631Z - POST /api/admin/bplus-students/update 200 31.442 ms - 47
2026-03-21T14:57:27.634Z - GET /api/admin/bplus-students 200 0.412 ms - 2452
2026-03-21T14:57:39.259Z - POST /api/admin/bplus-students/update 200 57.910 ms - 47
2026-03-21T14:57:39.264Z - GET /api/admin/bplus-students 200 0.453 ms - 2454
2026-03-21T14:57:42.970Z - GET /api/audit-logs 200 1.528 ms - 10061
2026-03-21T14:57:42.975Z - GET /api/audit-logs 304 3.487 ms - -
2026-03-21T14:57:43.940Z - GET /api/mess 304 1.715 ms - -
2026-03-21T14:57:43.946Z - GET /api/mess 304 1.708 ms - -
2026-03-21T14:57:46.089Z - GET /api/audit-logs 304 1.956 ms - -
2026-03-21T14:57:46.096Z - GET /api/audit-logs 304 2.493 ms - -
2026-03-21T14:57:51.127Z - POST /api/benchmark/optimize 200 0.966 ms - 29
2026-03-21T14:57:52.252Z - GET /api/feedback 304 2.646 ms - -
2026-03-21T14:57:52.373Z - GET /api/feedback 304 1.855 ms - -
2026-03-21T14:57:52.498Z - GET /api/feedback 304 2.354 ms - -
2026-03-21T14:57:52.615Z - GET /api/feedback 304 2.284 ms - -
2026-03-21T14:57:52.731Z - GET /api/feedback 304 2.462 ms - -
2026-03-21T14:57:53.850Z - POST /api/benchmark/optimize 200 31.175 ms - 29
2026-03-21T14:57:54.681Z - GET /api/feedback 304 2.442 ms - -
2026-03-21T14:57:54.797Z - GET /api/feedback 304 2.239 ms - -
2026-03-21T14:57:54.914Z - GET /api/feedback 304 2.145 ms - -
2026-03-21T14:57:55.031Z - GET /api/feedback 304 2.236 ms - -
2026-03-21T14:57:55.147Z - GET /api/feedback 304 2.340 ms - -
2026-03-21T14:57:57.231Z - POST /api/benchmark/optimize 200 19.573 ms - 29
2026-03-21T14:57:57.953Z - GET /api/feedback 304 2.226 ms - -
2026-03-21T14:57:58.066Z - GET /api/feedback 304 2.822 ms - -
2026-03-21T14:57:58.180Z - GET /api/feedback 304 2.318 ms - -
2026-03-21T14:57:58.296Z - GET /api/feedback 304 2.137 ms - -
2026-03-21T14:57:58.415Z - GET /api/feedback 304 2.221 ms - -
2026-03-21T14:58:00.291Z - POST /api/benchmark/optimize 200 24.962 ms - 29
2026-03-21T14:58:00.949Z - GET /api/feedback 304 1.612 ms - -
2026-03-21T14:58:01.062Z - GET /api/feedback 304 2.148 ms - -
2026-03-21T14:58:01.181Z - GET /api/feedback 304 2.177 ms - -
2026-03-21T14:58:01.298Z - GET /api/feedback 304 2.358 ms - -
2026-03-21T14:58:01.411Z - GET /api/feedback 304 1.891 ms - -
