2026-03-21T14:04:15.716Z - GET / 304 96.218 ms - -
2026-03-21T14:04:17.940Z - GET /@react-refresh 304 10.900 ms - -
2026-03-21T14:04:18.013Z - GET /@vite/client 200 89.889 ms - -
2026-03-21T14:04:18.043Z - GET /src/main.tsx 304 113.647 ms - -
2026-03-21T14:04:18.059Z - GET /node_modules/vite/dist/client/env.mjs 304 2.999 ms - -
2026-03-21T14:04:18.278Z - GET /src/App.tsx 304 222.618 ms - -
2026-03-21T14:04:18.879Z - GET /src/index.css 304 809.356 ms - -
2026-03-21T14:04:19.351Z - GET /src/context/AuthContext.tsx 304 1053.042 ms - -
2026-03-21T14:04:19.352Z - GET /src/components/Layout.tsx 304 103.257 ms - -
2026-03-21T14:04:19.353Z - GET /src/pages/MessDetails.tsx 304 102.248 ms - -
2026-03-21T14:04:19.381Z - GET /src/pages/Login.tsx 304 1081.833 ms - -
2026-03-21T14:04:19.381Z - GET /src/pages/Portfolio.tsx 304 22.894 ms - -
2026-03-21T14:04:19.401Z - GET /src/pages/Dashboard.tsx 304 153.331 ms - -
2026-03-21T14:04:19.402Z - GET /src/pages/Performance.tsx 304 42.510 ms - -
2026-03-21T14:04:19.418Z - GET /src/pages/Feedback.tsx 304 170.788 ms - -
2026-03-21T14:04:19.419Z - GET /src/pages/AuditLogs.tsx 304 57.156 ms - -
2026-03-21T14:04:19.435Z - GET /src/pages/AdminStudents.tsx 304 0.359 ms - -
2026-03-21T14:05:51.366Z - POST /api/auth/login 200 190.622 ms - 297
2026-03-21T14:05:51.434Z - GET /api/mess 304 6.904 ms - -
2026-03-21T14:05:51.436Z - GET /api/feedback 304 5.471 ms - -
2026-03-21T14:05:51.442Z - GET /api/mess 304 4.434 ms - -
2026-03-21T14:05:51.443Z - GET /api/feedback 304 4.186 ms - -
2026-03-21T14:05:51.541Z - GET /api/admin/earnings 304 3.231 ms - -
2026-03-21T14:05:51.545Z - GET /api/admin/earnings 304 1.825 ms - -
2026-03-21T14:06:07.445Z - GET /api/mess 304 5.428 ms - -
2026-03-21T14:06:07.447Z - GET /api/feedback 304 6.036 ms - -
2026-03-21T14:06:07.452Z - GET /api/mess 304 3.453 ms - -
2026-03-21T14:06:07.455Z - GET /api/feedback 304 4.527 ms - -
2026-03-21T14:06:18.331Z - GET /api/mess 304 1.640 ms - -
2026-03-21T14:06:18.335Z - GET /api/feedback 304 2.050 ms - -
2026-03-21T14:06:18.340Z - GET /api/mess 304 2.136 ms - -
2026-03-21T14:06:18.345Z - GET /api/feedback 304 2.045 ms - -
2026-03-21T14:06:19.319Z - GET /api/mess 304 2.626 ms - -
2026-03-21T14:06:19.326Z - GET /api/mess 304 4.739 ms - -
2026-03-21T14:06:21.177Z - GET /api/mess 304 4.200 ms - -
2026-03-21T14:06:21.179Z - GET /api/feedback 304 5.154 ms - -
2026-03-21T14:06:21.185Z - GET /api/mess 304 2.605 ms - -
2026-03-21T14:06:21.193Z - GET /api/feedback 304 9.658 ms - -
2026-03-21T14:06:33.426Z - GET /api/mess 304 3.884 ms - -
2026-03-21T14:06:33.433Z - GET /api/mess 304 3.913 ms - -
2026-03-21T14:14:06.590Z - GET /api/mess 304 3.156 ms - -
2026-03-21T14:14:06.593Z - GET /api/feedback 304 3.471 ms - -
2026-03-21T14:14:06.599Z - GET /api/mess 304 2.820 ms - -
2026-03-21T14:14:06.603Z - GET /api/feedback 304 5.979 ms - -
2026-03-21T14:15:32.296Z - GET / 200 35.592 ms - -
2026-03-21T14:15:33.046Z - GET /@react-refresh 304 4.942 ms - -
2026-03-21T14:15:33.069Z - GET /@vite/client 200 28.550 ms - -
2026-03-21T14:15:33.077Z - GET /src/main.tsx 304 35.923 ms - -
2026-03-21T14:15:33.129Z - GET /src/App.tsx 304 7.556 ms - -
2026-03-21T14:15:33.145Z - GET /node_modules/vite/dist/client/env.mjs 304 0.094 ms - -
2026-03-21T14:15:33.280Z - GET /src/index.css 304 158.082 ms - -
2026-03-21T14:15:33.401Z - GET /src/components/Layout.tsx 304 13.185 ms - -
2026-03-21T14:15:33.432Z - GET /src/pages/Dashboard.tsx 304 8.415 ms - -
2026-03-21T14:15:33.438Z - GET /src/pages/Login.tsx 304 155.914 ms - -
2026-03-21T14:15:33.439Z - GET /src/context/AuthContext.tsx 304 156.922 ms - -
2026-03-21T14:15:33.442Z - GET /src/pages/MessDetails.tsx 304 0.061 ms - -
2026-03-21T14:15:33.455Z - GET /src/pages/Feedback.tsx 304 0.060 ms - -
2026-03-21T14:15:33.456Z - GET /src/pages/Portfolio.tsx 304 0.078 ms - -
2026-03-21T14:15:33.457Z - GET /src/pages/AuditLogs.tsx 304 0.067 ms - -
2026-03-21T14:15:33.465Z - GET /src/pages/Performance.tsx 304 0.061 ms - -
2026-03-21T14:15:33.468Z - GET /src/pages/AdminStudents.tsx 304 0.109 ms - -
2026-03-21T14:15:33.920Z - GET /api/mess 304 5.048 ms - -
2026-03-21T14:15:33.921Z - GET /api/feedback 304 3.674 ms - -
2026-03-21T14:15:33.924Z - GET /api/mess 304 1.593 ms - -
2026-03-21T14:15:33.924Z - GET /api/feedback 304 1.690 ms - -
2026-03-21T14:15:34.217Z - GET /api/admin/earnings 304 2.140 ms - -
2026-03-21T14:15:34.221Z - GET /api/admin/earnings 304 1.188 ms - -
2026-03-21T14:15:43.804Z - GET /api/admin/bplus-students 304 2.041 ms - -
2026-03-21T14:15:43.808Z - GET /api/admin/bplus-students 304 1.423 ms - -
2026-03-21T14:15:59.406Z - POST /api/admin/bplus-students/update 200 81.681 ms - 47
2026-03-21T14:15:59.422Z - GET /api/admin/bplus-students 200 2.071 ms - 2446
2026-03-21T14:16:10.447Z - POST /api/admin/bplus-students/update 200 82.677 ms - 47
2026-03-21T14:16:10.459Z - GET /api/admin/bplus-students 200 1.397 ms - 2446
2026-03-21T14:16:15.974Z - GET /api/feedback 304 1.842 ms - -
2026-03-21T14:16:16.103Z - GET /api/feedback 304 2.433 ms - -
2026-03-21T14:16:16.223Z - GET /api/feedback 304 2.578 ms - -
2026-03-21T14:16:16.339Z - GET /api/feedback 304 1.972 ms - -
2026-03-21T14:16:16.454Z - GET /api/feedback 304 1.883 ms - -
2026-03-21T14:16:21.756Z - GET /api/feedback 304 1.507 ms - -
2026-03-21T14:16:21.892Z - GET /api/feedback 304 2.742 ms - -
2026-03-21T14:16:22.007Z - GET /api/feedback 304 2.451 ms - -
2026-03-21T14:16:22.124Z - GET /api/feedback 304 2.139 ms - -
2026-03-21T14:16:22.238Z - GET /api/feedback 304 2.010 ms - -
2026-03-21T14:16:23.774Z - GET /api/feedback 304 2.434 ms - -
2026-03-21T14:16:23.891Z - GET /api/feedback 304 2.262 ms - -
2026-03-21T14:16:24.006Z - GET /api/feedback 304 1.871 ms - -
2026-03-21T14:16:24.122Z - GET /api/feedback 304 1.845 ms - -
2026-03-21T14:16:24.239Z - GET /api/feedback 304 1.973 ms - -
2026-03-21T14:16:25.958Z - GET /api/feedback 304 2.109 ms - -
2026-03-21T14:16:26.085Z - GET /api/feedback 304 2.669 ms - -
2026-03-21T14:16:26.206Z - GET /api/feedback 304 1.908 ms - -
2026-03-21T14:16:26.322Z - GET /api/feedback 304 1.831 ms - -
2026-03-21T14:16:26.438Z - GET /api/feedback 304 2.081 ms - -
2026-03-21T14:16:28.142Z - GET /api/feedback 304 1.761 ms - -
2026-03-21T14:16:28.272Z - GET /api/feedback 304 1.792 ms - -
2026-03-21T14:16:28.389Z - GET /api/feedback 304 1.859 ms - -
2026-03-21T14:16:28.507Z - GET /api/feedback 304 2.545 ms - -
2026-03-21T14:16:28.623Z - GET /api/feedback 304 1.799 ms - -
2026-03-21T14:16:30.865Z - POST /api/benchmark/optimize 200 33.493 ms - 29
2026-03-21T14:16:32.790Z - GET /api/feedback 304 1.556 ms - -
2026-03-21T14:16:32.922Z - GET /api/feedback 304 2.810 ms - -
2026-03-21T14:16:33.040Z - GET /api/feedback 304 2.092 ms - -
2026-03-21T14:16:33.157Z - GET /api/feedback 304 2.140 ms - -
2026-03-21T14:16:33.274Z - GET /api/feedback 304 1.811 ms - -
2026-03-21T14:16:35.009Z - GET /api/feedback 304 1.982 ms - -
2026-03-21T14:16:35.127Z - GET /api/feedback 304 2.213 ms - -
2026-03-21T14:16:35.239Z - GET /api/feedback 304 2.413 ms - -
2026-03-21T14:16:35.357Z - GET /api/feedback 304 2.085 ms - -
2026-03-21T14:16:35.473Z - GET /api/feedback 304 2.111 ms - -
2026-03-21T14:16:37.257Z - GET /api/feedback 304 2.285 ms - -
2026-03-21T14:16:37.388Z - GET /api/feedback 304 2.812 ms - -
2026-03-21T14:16:37.505Z - GET /api/feedback 304 1.818 ms - -
2026-03-21T14:16:37.616Z - GET /api/feedback 304 1.698 ms - -
2026-03-21T14:16:37.740Z - GET /api/feedback 304 2.268 ms - -
2026-03-21T14:16:39.260Z - GET /api/feedback 304 1.782 ms - -
2026-03-21T14:16:39.381Z - GET /api/feedback 304 2.252 ms - -
2026-03-21T14:16:39.510Z - GET /api/feedback 304 4.064 ms - -
2026-03-21T14:16:39.623Z - GET /api/feedback 304 1.966 ms - -
2026-03-21T14:16:39.741Z - GET /api/feedback 304 2.015 ms - -
2026-03-21T14:16:41.635Z - GET /api/feedback 304 1.634 ms - -
2026-03-21T14:16:41.749Z - GET /api/feedback 304 1.793 ms - -
2026-03-21T14:16:41.871Z - GET /api/feedback 304 1.746 ms - -
2026-03-21T14:16:41.987Z - GET /api/feedback 304 1.603 ms - -
2026-03-21T14:16:42.107Z - GET /api/feedback 304 1.804 ms - -
2026-03-21T14:16:44.361Z - GET /api/feedback 304 1.957 ms - -
2026-03-21T14:16:44.485Z - GET /api/feedback 304 2.790 ms - -
2026-03-21T14:16:44.599Z - GET /api/feedback 304 1.927 ms - -
2026-03-21T14:16:44.723Z - GET /api/feedback 304 2.018 ms - -
2026-03-21T14:16:44.840Z - GET /api/feedback 304 2.235 ms - -
2026-03-21T14:16:46.624Z - GET /api/feedback 304 2.879 ms - -
2026-03-21T14:16:46.741Z - GET /api/feedback 304 2.592 ms - -
2026-03-21T14:16:46.857Z - GET /api/feedback 304 2.547 ms - -
2026-03-21T14:16:46.970Z - GET /api/feedback 304 1.972 ms - -
2026-03-21T14:16:47.090Z - GET /api/feedback 304 1.965 ms - -
2026-03-21T14:16:48.926Z - GET /api/feedback 304 1.860 ms - -
2026-03-21T14:16:49.058Z - GET /api/feedback 304 2.410 ms - -
2026-03-21T14:16:49.174Z - GET /api/feedback 304 2.203 ms - -
2026-03-21T14:16:49.290Z - GET /api/feedback 304 1.911 ms - -
2026-03-21T14:16:49.407Z - GET /api/feedback 304 2.138 ms - -
2026-03-21T14:16:51.341Z - GET /api/feedback 304 2.149 ms - -
2026-03-21T14:16:51.472Z - GET /api/feedback 304 3.428 ms - -
2026-03-21T14:16:51.590Z - GET /api/feedback 304 2.484 ms - -
2026-03-21T14:16:51.705Z - GET /api/feedback 304 1.802 ms - -
2026-03-21T14:16:51.824Z - GET /api/feedback 304 2.310 ms - -
2026-03-21T14:16:56.489Z - POST /api/benchmark/optimize 200 33.863 ms - 29
2026-03-21T14:16:58.339Z - GET /api/feedback 304 1.966 ms - -
2026-03-21T14:16:58.467Z - GET /api/feedback 304 2.186 ms - -
2026-03-21T14:16:58.589Z - GET /api/feedback 304 1.844 ms - -
2026-03-21T14:16:58.706Z - GET /api/feedback 304 1.690 ms - -
2026-03-21T14:16:58.822Z - GET /api/feedback 304 1.991 ms - -
2026-03-21T14:17:02.108Z - GET /api/audit-logs 200 2.492 ms - 897
2026-03-21T14:17:02.116Z - GET /api/audit-logs 304 2.722 ms - -
2026-03-21T14:17:29.404Z - POST /api/auth/login 200 197.140 ms - 335
2026-03-21T14:17:29.417Z - GET /api/audit-logs 403 1.232 ms - 21
2026-03-21T14:17:29.436Z - GET /api/audit-logs 403 4.053 ms - 21
2026-03-21T14:18:01.997Z - GET / 304 9.562 ms - -
2026-03-21T14:18:02.014Z - GET /@vite/client 304 0.553 ms - -
2026-03-21T14:18:02.019Z - GET /src/main.tsx 304 0.203 ms - -
2026-03-21T14:18:02.022Z - GET /@react-refresh 304 0.299 ms - -
2026-03-21T14:18:02.025Z - GET /src/App.tsx 304 0.251 ms - -
2026-03-21T14:18:02.027Z - GET /src/index.css 304 0.470 ms - -
2026-03-21T14:18:02.030Z - GET /node_modules/vite/dist/client/env.mjs 304 0.154 ms - -
2026-03-21T14:18:02.032Z - GET /src/context/AuthContext.tsx 304 0.114 ms - -
2026-03-21T14:18:02.036Z - GET /src/pages/Login.tsx 304 0.163 ms - -
2026-03-21T14:18:02.037Z - GET /src/components/Layout.tsx 304 0.170 ms - -
2026-03-21T14:18:02.039Z - GET /src/pages/Dashboard.tsx 304 0.088 ms - -
2026-03-21T14:18:02.040Z - GET /src/pages/MessDetails.tsx 304 0.096 ms - -
2026-03-21T14:18:02.042Z - GET /src/pages/Feedback.tsx 304 0.096 ms - -
2026-03-21T14:18:02.043Z - GET /src/pages/Portfolio.tsx 304 0.111 ms - -
2026-03-21T14:18:02.044Z - GET /src/pages/AuditLogs.tsx 304 0.090 ms - -
2026-03-21T14:18:02.045Z - GET /src/pages/Performance.tsx 304 0.065 ms - -
2026-03-21T14:18:02.047Z - GET /src/pages/AdminStudents.tsx 304 0.132 ms - -
2026-03-21T14:18:02.114Z - GET /api/mess 304 1.226 ms - -
2026-03-21T14:18:02.117Z - GET /api/feedback 200 1.367 ms - 373
2026-03-21T14:18:02.121Z - GET /api/mess 304 2.468 ms - -
2026-03-21T14:18:02.124Z - GET /api/feedback 304 1.748 ms - -
2026-03-21T14:18:09.022Z - GET /api/mess 304 3.452 ms - -
2026-03-21T14:18:09.025Z - GET /api/feedback 304 5.006 ms - -
2026-03-21T14:18:09.031Z - GET /api/mess 304 3.157 ms - -
2026-03-21T14:18:09.035Z - GET /api/feedback 304 5.158 ms - -
2026-03-21T14:18:12.643Z - GET /api/users/6 304 1.530 ms - -
2026-03-21T14:18:12.646Z - GET /api/users/6 304 1.157 ms - -
2026-03-21T14:18:15.233Z - GET /api/mess 304 2.195 ms - -
2026-03-21T14:18:15.237Z - GET /api/mess 304 2.170 ms - -
2026-03-21T14:18:20.482Z - GET /api/mess 304 1.889 ms - -
2026-03-21T14:18:20.486Z - GET /api/feedback 304 4.838 ms - -
2026-03-21T14:18:20.489Z - GET /api/mess 304 3.135 ms - -
2026-03-21T14:18:20.497Z - GET /api/feedback 304 4.601 ms - -
2026-03-21T14:18:24.930Z - GET /api/users/6 304 2.228 ms - -
2026-03-21T14:18:24.933Z - GET /api/users/6 304 1.474 ms - -
2026-03-21T14:18:25.990Z - GET /api/mess 304 1.612 ms - -
2026-03-21T14:18:25.993Z - GET /api/mess 304 1.088 ms - -
2026-03-21T14:19:16.973Z - POST /api/auth/login 401 1.730 ms - 31
2026-03-21T14:19:25.564Z - POST /api/auth/login 200 108.460 ms - 337
2026-03-21T14:19:25.572Z - GET /api/mess 304 1.156 ms - -
2026-03-21T14:19:25.576Z - GET /api/mess 304 1.358 ms - -
2026-03-21T14:19:29.232Z - GET /api/mess 304 1.293 ms - -
2026-03-21T14:19:29.235Z - GET /api/feedback 200 1.610 ms - 2
2026-03-21T14:19:29.239Z - GET /api/mess 304 1.938 ms - -
2026-03-21T14:19:29.244Z - GET /api/feedback 304 2.742 ms - -
2026-03-21T14:19:42.610Z - POST /api/feedback 201 37.746 ms - 32
2026-03-21T14:19:42.620Z - GET /api/mess 304 5.388 ms - -
2026-03-21T14:19:42.621Z - GET /api/feedback 200 7.951 ms - 179
2026-03-21T14:19:45.238Z - GET /api/users/10 200 1.172 ms - 139
2026-03-21T14:19:45.242Z - GET /api/users/10 304 1.819 ms - -
2026-03-21T14:20:41.374Z - POST /api/auth/login 200 119.308 ms - 337
2026-03-21T14:20:41.379Z - GET /api/users/12 200 1.130 ms - 139
2026-03-21T14:20:41.383Z - GET /api/users/12 304 1.987 ms - -
2026-03-21T14:20:45.095Z - GET /api/mess 304 2.746 ms - -
2026-03-21T14:20:45.098Z - GET /api/feedback 200 5.472 ms - 184
2026-03-21T14:20:45.100Z - GET /api/mess 304 3.282 ms - -
2026-03-21T14:20:45.106Z - GET /api/feedback 304 4.015 ms - -
2026-03-21T14:21:05.537Z - POST /api/feedback 201 34.371 ms - 32
2026-03-21T14:21:05.546Z - GET /api/feedback 200 5.054 ms - 368
2026-03-21T14:21:05.550Z - GET /api/mess 304 2.457 ms - -
2026-03-21T14:21:09.142Z - GET /api/mess 304 1.149 ms - -
2026-03-21T14:21:09.146Z - GET /api/mess 304 1.498 ms - -
2026-03-21T14:21:10.399Z - GET /api/users/12 304 2.785 ms - -
2026-03-21T14:21:10.406Z - GET /api/users/12 304 2.742 ms - -
2026-03-21T14:21:11.463Z - GET /api/mess 304 1.638 ms - -
2026-03-21T14:21:11.467Z - GET /api/feedback 304 4.458 ms - -
2026-03-21T14:21:11.469Z - GET /api/mess 304 3.895 ms - -
2026-03-21T14:21:11.473Z - GET /api/feedback 304 2.371 ms - -
2026-03-21T14:21:13.026Z - GET /api/mess 304 1.925 ms - -
2026-03-21T14:21:13.030Z - GET /api/mess 304 0.975 ms - -
2026-03-21T14:23:47.071Z - GET /api/users/12 304 2.305 ms - -
2026-03-21T14:23:47.075Z - GET /api/users/12 304 1.546 ms - -
2026-03-21T14:23:48.312Z - GET /api/mess 304 1.794 ms - -
2026-03-21T14:23:48.315Z - GET /api/feedback 304 4.337 ms - -
2026-03-21T14:23:48.317Z - GET /api/mess 304 3.795 ms - -
2026-03-21T14:23:48.323Z - GET /api/feedback 304 3.861 ms - -
2026-03-21T14:24:20.355Z - POST /api/feedback 201 33.379 ms - 32
2026-03-21T14:24:20.364Z - GET /api/feedback 200 5.524 ms - 563
2026-03-21T14:24:20.368Z - GET /api/mess 304 2.205 ms - -
2026-03-21T14:24:28.018Z - POST /api/auth/login 200 126.883 ms - 297
2026-03-21T14:24:28.029Z - GET /api/mess 304 3.069 ms - -
2026-03-21T14:24:28.033Z - GET /api/feedback 200 3.545 ms - 1486
2026-03-21T14:24:28.039Z - GET /api/mess 304 3.323 ms - -
2026-03-21T14:24:28.041Z - GET /api/feedback 304 5.232 ms - -
2026-03-21T14:24:48.520Z - GET /api/admin/bplus-students 304 1.234 ms - -
2026-03-21T14:24:48.525Z - GET /api/admin/bplus-students 304 1.377 ms - -
2026-03-21T14:25:35.143Z - POST /api/admin/bplus-students/update 200 54.811 ms - 47
2026-03-21T14:25:35.148Z - GET /api/admin/bplus-students 200 0.932 ms - 2446
2026-03-21T14:25:44.034Z - POST /api/admin/bplus-students/update 200 35.267 ms - 47
2026-03-21T14:25:44.038Z - GET /api/admin/bplus-students 200 0.618 ms - 2446
2026-03-21T14:35:30.708Z - POST /api/admin/bplus-students/update 200 65.762 ms - 47
2026-03-21T14:35:30.725Z - GET /api/admin/bplus-students 200 1.555 ms - 2446
2026-03-21T14:35:38.859Z - POST /api/admin/bplus-students/update 200 60.753 ms - 47
2026-03-21T14:35:38.865Z - GET /api/admin/bplus-students 304 0.582 ms - -
2026-03-21T14:35:46.442Z - POST /api/admin/bplus-students/update 200 46.230 ms - 47
2026-03-21T14:35:46.447Z - GET /api/admin/bplus-students 304 0.592 ms - -
2026-03-21T14:35:49.287Z - GET /api/audit-logs 200 5.659 ms - 3670
2026-03-21T14:35:49.291Z - GET /api/audit-logs 304 3.279 ms - -
2026-03-21T14:36:04.504Z - GET /api/feedback 304 3.351 ms - -
2026-03-21T14:36:04.508Z - GET /api/mess 304 2.299 ms - -
2026-03-21T14:36:04.511Z - GET /api/feedback 304 1.118 ms - -
2026-03-21T14:36:04.513Z - GET /api/mess 304 1.198 ms - -
